[2025-07-01 23:53:42,741] - INFO - project_template - Created file: .github/workflows/deploy.yml
[2025-07-01 23:53:42,742] - INFO - project_template - Created file: app.py
[2025-07-01 23:53:42,742] - INFO - project_template - Created file: app/celery_worker.py
[2025-07-01 23:53:42,742] - INFO - project_template - Created file: app/templates/index.html
[2025-07-01 23:53:42,743] - INFO - project_template - Created file: Dockerfile
[2025-07-01 23:53:42,743] - INFO - project_template - Created file: docker-compose.yml
[2025-07-01 23:53:42,744] - INFO - project_template - Created file: Procfile
[2025-07-01 23:53:42,744] - INFO - project_template - Created file: setup.py
[2025-07-01 23:53:42,744] - INFO - project_template - Created file: requirements.txt
[2025-07-01 23:53:42,745] - INFO - project_template - Created file: .env
[2025-07-01 23:53:42,745] - INFO - project_template - Created file: .gitignore
[2025-07-01 23:53:42,746] - INFO - project_template - File already exists: README.md
[2025-07-01 23:53:42,746] - INFO - project_template - Created file: main.py
[2025-07-01 23:53:42,746] - INFO - project_template - Created file: buildspec.yaml
[2025-07-01 23:53:42,747] - INFO - project_template - Created file: data.dvc
[2025-07-01 23:53:42,747] - INFO - project_template - Created file: project_dump.py
[2025-07-01 23:53:42,747] - INFO - project_template - Created file: schema.yaml
[2025-07-01 23:53:42,748] - INFO - project_template - Created file: params.yaml
[2025-07-01 23:53:42,748] - INFO - project_template - Created file: research/research.ipynb
[2025-07-01 23:53:42,748] - INFO - project_template - Created file: notebook/research.ipynb
[2025-07-01 23:53:42,749] - INFO - project_template - Created file: config/config.yaml
[2025-07-01 23:53:42,749] - INFO - project_template - Created file: config/params.yaml
[2025-07-01 23:53:42,750] - INFO - project_template - Created file: config/templates.yaml
[2025-07-01 23:53:42,751] - INFO - project_template - Created file: logs/textsummarizer.log
[2025-07-01 23:53:42,751] - INFO - project_template - Created file: predictions/.gitkeep
[2025-07-01 23:53:42,752] - INFO - project_template - Created file: artifacts/.gitkeep
[2025-07-01 23:53:42,753] - INFO - project_template - Created file: student_data/stud.csv
[2025-07-01 23:53:42,753] - INFO - project_template - Created file: templates/index.html
[2025-07-01 23:53:42,754] - INFO - project_template - Created file: src/textsummarizer/__init__.py
[2025-07-01 23:53:42,754] - INFO - project_template - Created file: src/textsummarizer/components/__init__.py
[2025-07-01 23:53:42,755] - INFO - project_template - Created file: src/textsummarizer/components/data_ingestion.py
[2025-07-01 23:53:42,755] - INFO - project_template - Created file: src/textsummarizer/components/data_validation.py
[2025-07-01 23:53:42,756] - INFO - project_template - Created file: src/textsummarizer/components/data_transformation.py
[2025-07-01 23:53:42,756] - INFO - project_template - Created file: src/textsummarizer/components/model_trainer.py
[2025-07-01 23:53:42,756] - INFO - project_template - Created file: src/textsummarizer/components/model_evaluation.py
[2025-07-01 23:53:42,757] - INFO - project_template - Created file: src/textsummarizer/components/model_prediction.py
[2025-07-01 23:53:42,757] - INFO - project_template - Created file: src/textsummarizer/config/__init__.py
[2025-07-01 23:53:42,757] - INFO - project_template - Created file: src/textsummarizer/config/configuration.py
[2025-07-01 23:53:42,759] - INFO - project_template - Created file: src/textsummarizer/constants/__init__.py
[2025-07-01 23:53:42,759] - INFO - project_template - Created file: src/textsummarizer/constants/constants.py
[2025-07-01 23:53:42,759] - INFO - project_template - Created file: src/textsummarizer/data_processors/__init__.py
[2025-07-01 23:53:42,761] - INFO - project_template - Created file: src/textsummarizer/data_processors/column_math_factory.py
[2025-07-01 23:53:42,762] - INFO - project_template - Created file: src/textsummarizer/data_processors/column_operation_factory.py
[2025-07-01 23:53:42,762] - INFO - project_template - Created file: src/textsummarizer/data_processors/encoder_factory.py
[2025-07-01 23:53:42,763] - INFO - project_template - Created file: src/textsummarizer/data_processors/imputer_factory.py
[2025-07-01 23:53:42,763] - INFO - project_template - Created file: src/textsummarizer/data_processors/preprocessor_builder.py
[2025-07-01 23:53:42,764] - INFO - project_template - Created file: src/textsummarizer/data_processors/scaler_factory.py
[2025-07-01 23:53:42,764] - INFO - project_template - Created file: src/textsummarizer/dbhandler/__init__.py
[2025-07-01 23:53:42,765] - INFO - project_template - Created file: src/textsummarizer/dbhandler/base_handler.py
[2025-07-01 23:53:42,765] - INFO - project_template - Created file: src/textsummarizer/dbhandler/postgres_dbhandler.py
[2025-07-01 23:53:42,766] - INFO - project_template - Created file: src/textsummarizer/dbhandler/s3_handler.py
[2025-07-01 23:53:42,766] - INFO - project_template - Created file: src/textsummarizer/entity/__init__.py
[2025-07-01 23:53:42,767] - INFO - project_template - Created file: src/textsummarizer/entity/artifact_entity.py
[2025-07-01 23:53:42,767] - INFO - project_template - Created file: src/textsummarizer/entity/config_entity.py
[2025-07-01 23:53:42,767] - INFO - project_template - Created file: src/textsummarizer/exception/__init__.py
[2025-07-01 23:53:42,768] - INFO - project_template - Created file: src/textsummarizer/exception/exception.py
[2025-07-01 23:53:42,768] - INFO - project_template - Created file: src/textsummarizer/inference/__init__.py
[2025-07-01 23:53:42,769] - INFO - project_template - Created file: src/textsummarizer/inference/estimator.py
[2025-07-01 23:53:42,769] - INFO - project_template - Created file: src/textsummarizer/logging/__init__.py
[2025-07-01 23:53:42,769] - INFO - project_template - Created file: src/textsummarizer/logging/app_logger.py
[2025-07-01 23:53:42,770] - INFO - project_template - Created file: src/textsummarizer/pipeline/__init__.py
[2025-07-01 23:53:42,770] - INFO - project_template - Created file: src/textsummarizer/pipeline/prediction_pipeline.py
[2025-07-01 23:53:42,771] - INFO - project_template - Created file: src/textsummarizer/pipeline/training_pipeline.py
[2025-07-01 23:53:42,771] - INFO - project_template - Created file: src/textsummarizer/utils/__init__.py
[2025-07-01 23:53:42,771] - INFO - project_template - Created file: src/textsummarizer/utils/core.py
[2025-07-01 23:53:42,771] - INFO - project_template - Created file: src/textsummarizer/utils/timestamp.py
